Hea(1 3.3, $43.05, [Stu(1 2.4, $4.45, [Com(4 0.5, $32.66, [])
                                       Com(6 0.2, $8.72, [])])
                    Stu(1 0.4, $5.65, [])
                    Stu(8 -0.3, $25.50, [])])
Hea(25 48.2, $48.99, [Stu(24 -0.0, $14.95, [])
                      Stu(25 46.9, $63.31, [Com(6 25.0, $13.00, [Hou(5 0.4, $3500.00, [Gen(7 0.7, $26.00, [Tra(8 0.1, $50.00, [The(1 0.7, $1.00, [Joy(3 0.4, $6.00, [Foo(1 -0.2, $21.00, [Foo(1 -0.5, $32.00, [])])])])])])
                                                                                       Gen(8 3.0, $15.00, [Tra(11 2.4, $35.50, [The(7 0.2, $208.90, [Joy(4 2.3, $7.99, [Foo(2 0.4, $35.00, [])
                                                                                                                                                                        Foo(4 0.1, $12.85, [])])])])])
                                                                                       Gen(11 7.4, $5.00, [Tra(11 2.6, $30.00, [The(8 3.7, $1.00, [Joy(4 2.0, $14.88, [Foo(4 0.5, $34.23, [])
                                                                                                                                                                       Foo(5 0.4, $4.50, [])])
                                                                                                                                                   Joy(5 0.5, $3.00, [Foo(7 -0.1, $17.07, [Foo(5 -0.2, $19.00, [])])])])])
                                                                                                           Tra(12 2.3, $39.82, [The(8 3.7, $1.00, [Joy(6 3.2, $10.00, [Foo(7 0.8, $144.34, [Foo(7 0.1, $50.20, [])])])])])])])
                                                                 Hou(8 -0.3, $400.00, [])
                                                                 Hou(14 -0.0, $362.09, [Gen(12 2.0, $15.30, [Tra(17 1.1, $50.00, [The(8 2.7, $1.00, [Joy(7 1.7, $26.00, [Foo(7 0.4, $35.00, [])
                                                                                                                                                                         Foo(11 -0.3, $22.76, [])])])])])])])
                                            Com(7 5.7, $25.00, [Hou(14 2.0, $362.09, [Gen(13 4.1, $120.00, [Tra(18 5.6, $30.00, [The(8 3.7, $1.00, [Joy(11 2.6, $2.49, [Foo(11 -0.1, $62.91, [Foo(11 0.3, $7.07, [])])
                                                                                                                                                                        Foo(11 -0.3, $25.00, [])])
                                                                                                                                                    Joy(12 -0.0, $15.00, [Foo(13 0.4, $5.45, [Foo(12 0.4, $4.50, [])])])])
                                                                                                                                 The(8 2.7, $1.00, [Joy(12 2.5, $3.50, [Foo(14 -0.0, $57.75, [])
                                                                                                                                                                        Foo(15 0.1, $12.04, [])])])])])])])
                                            Com(12 5.8, $19.95, [Hou(15 -0.5, $800.00, [Gen(17 5.3, $40.00, [Tra(21 4.2, $10.00, [The(15 -0.3, $400.00, [Joy(13 1.4, $6.00, [Foo(15 0.3, $42.97, [Foo(15 -0.3, $25.48, [])])])
                                                                                                                                                         Joy(17 2.3, $7.51, [Foo(18 0.8, $71.88, [Foo(17 0.3, $40.00, [])])])])])
                                                                                                             Tra(22 0.8, $20.00, [The(15 1.8, $0.37, [Joy(18 0.4, $37.60, [Foo(18 -0.1, $18.43, [])
                                                                                                                                                                           Foo(19 -0.1, $17.51, [])])])])])])])
                                            Com(15 4.8, $148.20, [Hou(15 0.2, $875.00, [Gen(18 5.0, $15.00, [Tra(25 2.1, $50.00, [The(26 2.7, $1.00, [Joy(27 1.4, $5.95, [Foo(20 0.2, $44.00, [Foo(20 -0.4, $26.15, [])])])
                                                                                                                                                      Joy(27 0.7, $1.50, [Foo(24 0.6, $2.00, [Foo(22 -0.1, $17.61, [Foo(21 0.1, $10.89, [])])])])])
                                                                                                                                  The(26 0.7, $1.00, [Joy(28 0.1, $12.50, [Foo(27 0.1, $12.66, [Foo(26 -0.3, $22.72, [Foo(25 -0.5, $31.42, [])])])])])])
                                                                                                             Tra(25 0.9, $17.75, [The(27 1.7, $1.00, [Joy(29 0.3, $8.00, [Foo(27 0.3, $6.50, [Foo(27 0.1, $12.80, [])])])
                                                                                                                                                      Joy(30 0.2, $9.25, [Foo(28 -0.3, $25.00, [Foo(28 0.4, $4.50, [])])])])])])])])
                                            Com(25 -0.0, $15.00, [Hou(27 0.1, $12.50, [Gen(21 -0.0, $15.00, [Tra(25 -0.5, $31.00, [The(29 -1.3, $75.00, [Joy(31 0.5, $3.99, [Foo(29 -0.2, $20.71, [])])])])])])])])])